This file contains any messages produced by compilers while
running configure, to aid debugging if configure makes a mistake.

It was created by voom configure 1.0, which was
generated by GNU Autoconf 2.71.  Invocation command line was

  $ ./configure CXX=g++-12 F77=gfortran-12 CXXFLAGS=-O2 F77FLAGS=-O2 CPPFLAGS=-I/usr/local/include/eigen3/

## --------- ##
## Platform. ##
## --------- ##

hostname = sd045
uname -m = arm64
uname -r = 22.4.0
uname -s = Darwin
uname -v = Darwin Kernel Version 22.4.0: Mon Mar  6 21:01:02 PST 2023; root:xnu-8796.101.5~3/RELEASE_ARM64_T8112

/usr/bin/uname -p = arm
/bin/uname -X     = unknown

/bin/arch              = unknown
/usr/bin/arch -k       = unknown
/usr/convex/getsysinfo = unknown
/usr/bin/hostinfo      = Mach kernel version:
	 Darwin Kernel Version 22.4.0: Mon Mar  6 21:01:02 PST 2023; root:xnu-8796.101.5~3/RELEASE_ARM64_T8112
Kernel configured for up to 8 processors.
8 processors are physically available.
8 processors are logically available.
Processor type: arm64e (ARM64E)
Processors active: 0 1 2 3 4 5 6 7
Primary memory available: 16.00 gigabytes
Default processor set: 459 tasks, 3921 threads, 8 processors
Load average: 2.19, Mach factor: 5.87
/bin/machine           = unknown
/usr/bin/oslevel       = unknown
/bin/universe          = unknown

PATH: /Users/sanjay/.local/bin/
PATH: /usr/local/bin/
PATH: /sw/sbin/
PATH: /usr/bin/
PATH: /bin/
PATH: /usr/sbin/
PATH: /sbin/
PATH: /usr/local/bin/
PATH: /usr/X11/bin/
PATH: /usr/X11R6/bin/
PATH: /Library/Frameworks/Python.framework/Versions/3.5/bin/
PATH: /usr/local/bin/
PATH: /System/Cryptexes/App/usr/bin/
PATH: /usr/bin/
PATH: /bin/
PATH: /usr/sbin/
PATH: /sbin/
PATH: /Library/TeX/texbin/
PATH: /opt/X11/bin/
PATH: /Applications/Privileges.app/Contents/Resources/
PATH: /var/run/com.apple.security.cryptexd/codex.system/bootstrap/usr/local/bin/
PATH: /var/run/com.apple.security.cryptexd/codex.system/bootstrap/usr/bin/
PATH: /var/run/com.apple.security.cryptexd/codex.system/bootstrap/usr/appleinternal/bin/
PATH: /usr/local/CrossPack-AVR/bin/
PATH: /sw/bin/


## ----------- ##
## Core tests. ##
## ----------- ##

configure:2411: looking for aux files: compile missing install-sh
configure:2424:  trying ./
configure:2453:   ./compile found
configure:2453:   ./missing found
configure:2435:   ./install-sh found
configure:2582: checking for a BSD-compatible install
configure:2655: result: /usr/bin/install -c
configure:2666: checking whether build environment is sane
configure:2721: result: yes
configure:2885: checking for a race-free mkdir -p
configure:2929: result: ./install-sh -c -d
configure:2936: checking for gawk
configure:2957: found /usr/local/bin/gawk
configure:2968: result: gawk
configure:2979: checking whether make sets $(MAKE)
configure:3002: result: yes
configure:3032: checking whether make supports nested variables
configure:3050: result: yes
configure:3225: checking for ranlib
configure:3246: found /usr/bin/ranlib
configure:3257: result: ranlib
configure:3346: checking for gcc
configure:3367: found /usr/bin/gcc
configure:3378: result: gcc
configure:3731: checking for C compiler version
configure:3740: gcc --version >&5
Apple clang version 14.0.3 (clang-1403.0.22.14.1)
Target: arm64-apple-darwin22.4.0
Thread model: posix
InstalledDir: /Library/Developer/CommandLineTools/usr/bin
configure:3751: $? = 0
configure:3740: gcc -v >&5
Apple clang version 14.0.3 (clang-1403.0.22.14.1)
Target: arm64-apple-darwin22.4.0
Thread model: posix
InstalledDir: /Library/Developer/CommandLineTools/usr/bin
configure:3751: $? = 0
configure:3740: gcc -V >&5
clang: error: argument to '-V' is missing (expected 1 value)
clang: error: no input files
configure:3751: $? = 1
configure:3740: gcc -qversion >&5
clang: error: unknown argument '-qversion'; did you mean '--version'?
clang: error: no input files
configure:3751: $? = 1
configure:3740: gcc -version >&5
clang: error: unknown argument '-version'; did you mean '--version'?
clang: error: no input files
configure:3751: $? = 1
configure:3771: checking whether the C compiler works
configure:3793: gcc  -I/usr/local/include/eigen3/  conftest.c  >&5
configure:3797: $? = 0
configure:3847: result: yes
configure:3850: checking for C compiler default output file name
configure:3852: result: a.out
configure:3858: checking for suffix of executables
configure:3865: gcc -o conftest  -I/usr/local/include/eigen3/  conftest.c  >&5
configure:3869: $? = 0
configure:3892: result: 
configure:3914: checking whether we are cross compiling
configure:3922: gcc -o conftest  -I/usr/local/include/eigen3/  conftest.c  >&5
configure:3926: $? = 0
configure:3933: ./conftest
configure:3937: $? = 0
configure:3952: result: no
configure:3957: checking for suffix of object files
configure:3980: gcc -c  -I/usr/local/include/eigen3/ conftest.c >&5
configure:3984: $? = 0
configure:4006: result: o
configure:4010: checking whether the compiler supports GNU C
configure:4030: gcc -c  -I/usr/local/include/eigen3/ conftest.c >&5
configure:4030: $? = 0
configure:4040: result: yes
configure:4051: checking whether gcc accepts -g
configure:4072: gcc -c -g -I/usr/local/include/eigen3/ conftest.c >&5
configure:4072: $? = 0
configure:4116: result: yes
configure:4136: checking for gcc option to enable C11 features
configure:4151: gcc  -c -g -O2 -I/usr/local/include/eigen3/ conftest.c >&5
conftest.c:25:14: warning: a function declaration without a prototype is deprecated in all versions of C and is not supported in C2x [-Wdeprecated-non-prototype]
static char *e (p, i)
             ^
1 warning generated.
configure:4151: $? = 0
configure:4169: result: none needed
configure:4285: checking whether gcc understands -c and -o together
configure:4308: gcc -c conftest.c -o conftest2.o
configure:4311: $? = 0
configure:4308: gcc -c conftest.c -o conftest2.o
configure:4311: $? = 0
configure:4323: result: yes
configure:4343: checking whether make supports the include directive
configure:4358: make -f confmf.GNU && cat confinc.out
this is the am__doit target
configure:4361: $? = 0
configure:4380: result: yes (GNU style)
configure:4406: checking dependency style of gcc
configure:4518: result: gcc3
configure:4663: checking for C++ compiler version
configure:4672: g++-12 --version >&5
./configure: line 4674: g++-12: command not found
configure:4683: $? = 127
configure:4672: g++-12 -v >&5
./configure: line 4674: g++-12: command not found
configure:4683: $? = 127
configure:4672: g++-12 -V >&5
./configure: line 4674: g++-12: command not found
configure:4683: $? = 127
configure:4672: g++-12 -qversion >&5
./configure: line 4674: g++-12: command not found
configure:4683: $? = 127
configure:4687: checking whether the compiler supports GNU C++
configure:4707: g++-12 -c -O2 -I/usr/local/include/eigen3/ conftest.cpp >&5
./configure: line 1515: g++-12: command not found
configure:4707: $? = 127
configure: failed program was:
| /* confdefs.h */
| #define PACKAGE_NAME "voom"
| #define PACKAGE_TARNAME "voom"
| #define PACKAGE_VERSION "1.0"
| #define PACKAGE_STRING "voom 1.0"
| #define PACKAGE_BUGREPORT "klug@ucla.edu"
| #define PACKAGE_URL ""
| #define PACKAGE "voom"
| #define VERSION "1.0"
| /* end confdefs.h.  */
| 
| int
| main (void)
| {
| #ifndef __GNUC__
|        choke me
| #endif
| 
|   ;
|   return 0;
| }
configure:4717: result: no
configure:4728: checking whether g++-12 accepts -g
configure:4749: g++-12 -c -g -I/usr/local/include/eigen3/ conftest.cpp >&5
./configure: line 1515: g++-12: command not found
configure:4749: $? = 127
configure: failed program was:
| /* confdefs.h */
| #define PACKAGE_NAME "voom"
| #define PACKAGE_TARNAME "voom"
| #define PACKAGE_VERSION "1.0"
| #define PACKAGE_STRING "voom 1.0"
| #define PACKAGE_BUGREPORT "klug@ucla.edu"
| #define PACKAGE_URL ""
| #define PACKAGE "voom"
| #define VERSION "1.0"
| /* end confdefs.h.  */
| 
| int
| main (void)
| {
| 
|   ;
|   return 0;
| }
configure:4765: g++-12 -c  -I/usr/local/include/eigen3/ conftest.cpp >&5
./configure: line 1515: g++-12: command not found
configure:4765: $? = 127
configure: failed program was:
| /* confdefs.h */
| #define PACKAGE_NAME "voom"
| #define PACKAGE_TARNAME "voom"
| #define PACKAGE_VERSION "1.0"
| #define PACKAGE_STRING "voom 1.0"
| #define PACKAGE_BUGREPORT "klug@ucla.edu"
| #define PACKAGE_URL ""
| #define PACKAGE "voom"
| #define VERSION "1.0"
| /* end confdefs.h.  */
| 
| int
| main (void)
| {
| 
|   ;
|   return 0;
| }
configure:4782: g++-12 -c -g -I/usr/local/include/eigen3/ conftest.cpp >&5
./configure: line 1515: g++-12: command not found
configure:4782: $? = 127
configure: failed program was:
| /* confdefs.h */
| #define PACKAGE_NAME "voom"
| #define PACKAGE_TARNAME "voom"
| #define PACKAGE_VERSION "1.0"
| #define PACKAGE_STRING "voom 1.0"
| #define PACKAGE_BUGREPORT "klug@ucla.edu"
| #define PACKAGE_URL ""
| #define PACKAGE "voom"
| #define VERSION "1.0"
| /* end confdefs.h.  */
| 
| int
| main (void)
| {
| 
|   ;
|   return 0;
| }
configure:4793: result: no
configure:4813: checking for g++-12 option to enable C++11 features
configure:4828: g++-12  -c -O2 -I/usr/local/include/eigen3/ conftest.cpp >&5
./configure: line 1515: g++-12: command not found
configure:4828: $? = 127
configure: failed program was:
| /* confdefs.h */
| #define PACKAGE_NAME "voom"
| #define PACKAGE_TARNAME "voom"
| #define PACKAGE_VERSION "1.0"
| #define PACKAGE_STRING "voom 1.0"
| #define PACKAGE_BUGREPORT "klug@ucla.edu"
| #define PACKAGE_URL ""
| #define PACKAGE "voom"
| #define VERSION "1.0"
| /* end confdefs.h.  */
| 
| // Does the compiler advertise C++98 conformance?
| #if !defined __cplusplus || __cplusplus < 199711L
| # error "Compiler does not advertise C++98 conformance"
| #endif
| 
| // These inclusions are to reject old compilers that
| // lack the unsuffixed header files.
| #include <cstdlib>
| #include <exception>
| 
| // <cassert> and <cstring> are *not* freestanding headers in C++98.
| extern void assert (int);
| namespace std {
|   extern int strcmp (const char *, const char *);
| }
| 
| // Namespaces, exceptions, and templates were all added after "C++ 2.0".
| using std::exception;
| using std::strcmp;
| 
| namespace {
| 
| void test_exception_syntax()
| {
|   try {
|     throw "test";
|   } catch (const char *s) {
|     // Extra parentheses suppress a warning when building autoconf itself,
|     // due to lint rules shared with more typical C programs.
|     assert (!(strcmp) (s, "test"));
|   }
| }
| 
| template <typename T> struct test_template
| {
|   T const val;
|   explicit test_template(T t) : val(t) {}
|   template <typename U> T add(U u) { return static_cast<T>(u) + val; }
| };
| 
| } // anonymous namespace
| 
| 
| // Does the compiler advertise C++ 2011 conformance?
| #if !defined __cplusplus || __cplusplus < 201103L
| # error "Compiler does not advertise C++11 conformance"
| #endif
| 
| namespace cxx11test
| {
|   constexpr int get_val() { return 20; }
| 
|   struct testinit
|   {
|     int i;
|     double d;
|   };
| 
|   class delegate
|   {
|   public:
|     delegate(int n) : n(n) {}
|     delegate(): delegate(2354) {}
| 
|     virtual int getval() { return this->n; };
|   protected:
|     int n;
|   };
| 
|   class overridden : public delegate
|   {
|   public:
|     overridden(int n): delegate(n) {}
|     virtual int getval() override final { return this->n * 2; }
|   };
| 
|   class nocopy
|   {
|   public:
|     nocopy(int i): i(i) {}
|     nocopy() = default;
|     nocopy(const nocopy&) = delete;
|     nocopy & operator=(const nocopy&) = delete;
|   private:
|     int i;
|   };
| 
|   // for testing lambda expressions
|   template <typename Ret, typename Fn> Ret eval(Fn f, Ret v)
|   {
|     return f(v);
|   }
| 
|   // for testing variadic templates and trailing return types
|   template <typename V> auto sum(V first) -> V
|   {
|     return first;
|   }
|   template <typename V, typename... Args> auto sum(V first, Args... rest) -> V
|   {
|     return first + sum(rest...);
|   }
| }
| 
| 
| int
| main (int argc, char **argv)
| {
|   int ok = 0;
|   
|   assert (argc);
|   assert (! argv[0]);
| {
|   test_exception_syntax ();
|   test_template<double> tt (2.0);
|   assert (tt.add (4) == 6.0);
|   assert (true && !false);
| }
| 
|   
| {
|   // Test auto and decltype
|   auto a1 = 6538;
|   auto a2 = 48573953.4;
|   auto a3 = "String literal";
| 
|   int total = 0;
|   for (auto i = a3; *i; ++i) { total += *i; }
| 
|   decltype(a2) a4 = 34895.034;
| }
| {
|   // Test constexpr
|   short sa[cxx11test::get_val()] = { 0 };
| }
| {
|   // Test initializer lists
|   cxx11test::testinit il = { 4323, 435234.23544 };
| }
| {
|   // Test range-based for
|   int array[] = {9, 7, 13, 15, 4, 18, 12, 10, 5, 3,
|                  14, 19, 17, 8, 6, 20, 16, 2, 11, 1};
|   for (auto &x : array) { x += 23; }
| }
| {
|   // Test lambda expressions
|   using cxx11test::eval;
|   assert (eval ([](int x) { return x*2; }, 21) == 42);
|   double d = 2.0;
|   assert (eval ([&](double x) { return d += x; }, 3.0) == 5.0);
|   assert (d == 5.0);
|   assert (eval ([=](double x) mutable { return d += x; }, 4.0) == 9.0);
|   assert (d == 5.0);
| }
| {
|   // Test use of variadic templates
|   using cxx11test::sum;
|   auto a = sum(1);
|   auto b = sum(1, 2);
|   auto c = sum(1.0, 2.0, 3.0);
| }
| {
|   // Test constructor delegation
|   cxx11test::delegate d1;
|   cxx11test::delegate d2();
|   cxx11test::delegate d3(45);
| }
| {
|   // Test override and final
|   cxx11test::overridden o1(55464);
| }
| {
|   // Test nullptr
|   char *c = nullptr;
| }
| {
|   // Test template brackets
|   test_template<::test_template<int>> v(test_template<int>(12));
| }
| {
|   // Unicode literals
|   char const *utf8 = u8"UTF-8 string \u2500";
|   char16_t const *utf16 = u"UTF-8 string \u2500";
|   char32_t const *utf32 = U"UTF-32 string \u2500";
| }
| 
|   return ok;
| }
| 
configure:4846: result: none needed
configure:4912: checking dependency style of g++-12
configure:5024: result: none
configure:5165: checking for Fortran 77 compiler version
configure:5174: gfortran-12 --version >&5
./configure: line 5176: gfortran-12: command not found
configure:5185: $? = 127
configure:5174: gfortran-12 -v >&5
./configure: line 5176: gfortran-12: command not found
configure:5185: $? = 127
configure:5174: gfortran-12 -V >&5
./configure: line 5176: gfortran-12: command not found
configure:5185: $? = 127
configure:5174: gfortran-12 -qversion >&5
./configure: line 5176: gfortran-12: command not found
configure:5185: $? = 127
configure:5194: checking whether the compiler supports GNU Fortran 77
configure:5208: gfortran-12 -c  conftest.F >&5
./configure: line 1554: gfortran-12: command not found
configure:5208: $? = 127
configure: failed program was:
|       program main
| #ifndef __GNUC__
|        choke me
| #endif
| 
|       end
configure:5218: result: no
configure:5226: checking whether gfortran-12 accepts -g
configure:5238: gfortran-12 -c -g conftest.f >&5
./configure: line 1554: gfortran-12: command not found
configure:5238: $? = 127
configure: failed program was:
|       program main
| 
|       end
configure:5247: result: no
configure:5282: checking for doxygen
configure:5317: result: no
configure:5326: WARNING: Doxygen not found - continuing without Doxygen
configure:5458: checking that generated files are newer than configure
configure:5464: result: done
configure:5495: creating ./config.status

## ---------------------- ##
## Running config.status. ##
## ---------------------- ##

This file was extended by voom config.status 1.0, which was
generated by GNU Autoconf 2.71.  Invocation command line was

  CONFIG_FILES    = 
  CONFIG_HEADERS  = 
  CONFIG_LINKS    = 
  CONFIG_COMMANDS = 
  $ ./config.status 

on sd045

config.status:860: creating Makefile
config.status:860: creating doc/Makefile
config.status:860: creating src/Makefile
config.status:860: creating src/VoomMath/Makefile
config.status:860: creating src/Geometry/Makefile
config.status:860: creating src/HalfEdgeMesh/Makefile
config.status:860: creating src/Mesh/Makefile
config.status:860: creating src/Material/Makefile
config.status:860: creating src/Quadrature/Makefile
config.status:860: creating src/Shape/Makefile
config.status:860: creating src/Element/Makefile
config.status:860: creating src/Model/Makefile
config.status:860: creating src/Solver/Makefile
config.status:860: creating src/Applications/Loop_Memb_Particle/Makefile
config.status:860: creating src/config.h
config.status:1041: src/config.h is unchanged
config.status:1089: executing depfiles commands
config.status:1166: cd src/VoomMath       && sed -e '/# am--include-marker/d' Makefile         | make -f - am--depfiles
make: Nothing to be done for `am--depfiles'.
config.status:1171: $? = 0
config.status:1166: cd src/Geometry       && sed -e '/# am--include-marker/d' Makefile         | make -f - am--depfiles
make: Nothing to be done for `am--depfiles'.
config.status:1171: $? = 0
config.status:1166: cd src/HalfEdgeMesh       && sed -e '/# am--include-marker/d' Makefile         | make -f - am--depfiles
make: Nothing to be done for `am--depfiles'.
config.status:1171: $? = 0
config.status:1166: cd src/Mesh       && sed -e '/# am--include-marker/d' Makefile         | make -f - am--depfiles
make: Nothing to be done for `am--depfiles'.
config.status:1171: $? = 0
config.status:1166: cd src/Material       && sed -e '/# am--include-marker/d' Makefile         | make -f - am--depfiles
make: Nothing to be done for `am--depfiles'.
config.status:1171: $? = 0
config.status:1166: cd src/Quadrature       && sed -e '/# am--include-marker/d' Makefile         | make -f - am--depfiles
make: Nothing to be done for `am--depfiles'.
config.status:1171: $? = 0
config.status:1166: cd src/Shape       && sed -e '/# am--include-marker/d' Makefile         | make -f - am--depfiles
make: Nothing to be done for `am--depfiles'.
config.status:1171: $? = 0
config.status:1166: cd src/Element       && sed -e '/# am--include-marker/d' Makefile         | make -f - am--depfiles
make: Nothing to be done for `am--depfiles'.
config.status:1171: $? = 0
config.status:1166: cd src/Model       && sed -e '/# am--include-marker/d' Makefile         | make -f - am--depfiles
make: Nothing to be done for `am--depfiles'.
config.status:1171: $? = 0
config.status:1166: cd src/Solver       && sed -e '/# am--include-marker/d' Makefile         | make -f - am--depfiles
make: Nothing to be done for `am--depfiles'.
config.status:1171: $? = 0
config.status:1166: cd src/Applications/Loop_Memb_Particle       && sed -e '/# am--include-marker/d' Makefile         | make -f - am--depfiles
make: Nothing to be done for `am--depfiles'.
config.status:1171: $? = 0

## ---------------- ##
## Cache variables. ##
## ---------------- ##

ac_cv_c_compiler_gnu=yes
ac_cv_cxx_compiler_gnu=no
ac_cv_env_CCC_set=
ac_cv_env_CCC_value=
ac_cv_env_CC_set=
ac_cv_env_CC_value=
ac_cv_env_CFLAGS_set=
ac_cv_env_CFLAGS_value=
ac_cv_env_CPPFLAGS_set=set
ac_cv_env_CPPFLAGS_value=-I/usr/local/include/eigen3/
ac_cv_env_CXXFLAGS_set=set
ac_cv_env_CXXFLAGS_value=-O2
ac_cv_env_CXX_set=set
ac_cv_env_CXX_value=g++-12
ac_cv_env_F77_set=set
ac_cv_env_F77_value=gfortran-12
ac_cv_env_FFLAGS_set=
ac_cv_env_FFLAGS_value=
ac_cv_env_LDFLAGS_set=
ac_cv_env_LDFLAGS_value=
ac_cv_env_LIBS_set=
ac_cv_env_LIBS_value=
ac_cv_env_build_alias_set=
ac_cv_env_build_alias_value=
ac_cv_env_host_alias_set=
ac_cv_env_host_alias_value=
ac_cv_env_target_alias_set=
ac_cv_env_target_alias_value=
ac_cv_f77_compiler_gnu=no
ac_cv_objext=o
ac_cv_path_install='/usr/bin/install -c'
ac_cv_prog_AWK=gawk
ac_cv_prog_ac_ct_CC=gcc
ac_cv_prog_ac_ct_RANLIB=ranlib
ac_cv_prog_cc_c11=
ac_cv_prog_cc_g=yes
ac_cv_prog_cc_stdc=
ac_cv_prog_cxx_11=no
ac_cv_prog_cxx_g=no
ac_cv_prog_cxx_stdcxx=
ac_cv_prog_f77_g=no
ac_cv_prog_make_make_set=yes
am_cv_CC_dependencies_compiler_type=gcc3
am_cv_CXX_dependencies_compiler_type=none
am_cv_make_support_nested_variables=yes
am_cv_prog_cc_c_o=yes

## ----------------- ##
## Output variables. ##
## ----------------- ##

ACLOCAL='${SHELL} "/Users/sanjay/Google Drive/bucknell/research/projects/FEM_shell/code/voom2/missing" aclocal-1.16'
AMDEPBACKSLASH='\'
AMDEP_FALSE='#'
AMDEP_TRUE=''
AMTAR='$${TAR-tar}'
AM_BACKSLASH='\'
AM_DEFAULT_V='$(AM_DEFAULT_VERBOSITY)'
AM_DEFAULT_VERBOSITY='1'
AM_V='$(V)'
AUTOCONF='${SHELL} "/Users/sanjay/Google Drive/bucknell/research/projects/FEM_shell/code/voom2/missing" autoconf'
AUTOHEADER='${SHELL} "/Users/sanjay/Google Drive/bucknell/research/projects/FEM_shell/code/voom2/missing" autoheader'
AUTOMAKE='${SHELL} "/Users/sanjay/Google Drive/bucknell/research/projects/FEM_shell/code/voom2/missing" automake-1.16'
AWK='gawk'
CC='gcc'
CCDEPMODE='depmode=gcc3'
CFLAGS='-g -O2'
CPPFLAGS='-I/usr/local/include/eigen3/'
CXX='g++-12'
CXXDEPMODE='depmode=none'
CXXFLAGS='-O2'
CYGPATH_W='echo'
DEFS='-DHAVE_CONFIG_H'
DEPDIR='.deps'
DOXYGEN=''
ECHO_C='\c'
ECHO_N=''
ECHO_T=''
EXEEXT=''
F77='gfortran-12'
FFLAGS=''
HAVE_DOXYGEN_FALSE=''
HAVE_DOXYGEN_TRUE='#'
INSTALL_DATA='${INSTALL} -m 644'
INSTALL_PROGRAM='${INSTALL}'
INSTALL_SCRIPT='${INSTALL}'
INSTALL_STRIP_PROGRAM='$(install_sh) -c -s'
LDFLAGS=''
LIBOBJS=''
LIBS=''
LTLIBOBJS=''
MAKEINFO='${SHELL} "/Users/sanjay/Google Drive/bucknell/research/projects/FEM_shell/code/voom2/missing" makeinfo'
MKDIR_P='./install-sh -c -d'
OBJEXT='o'
PACKAGE='voom'
PACKAGE_BUGREPORT='klug@ucla.edu'
PACKAGE_NAME='voom'
PACKAGE_STRING='voom 1.0'
PACKAGE_TARNAME='voom'
PACKAGE_URL=''
PACKAGE_VERSION='1.0'
PATH_SEPARATOR=':'
RANLIB='ranlib'
SET_MAKE=''
SHELL='/bin/sh'
STRIP=''
VERSION='1.0'
ac_ct_CC='gcc'
ac_ct_CXX=''
ac_ct_F77=''
am__EXEEXT_FALSE=''
am__EXEEXT_TRUE='#'
am__fastdepCC_FALSE='#'
am__fastdepCC_TRUE=''
am__fastdepCXX_FALSE=''
am__fastdepCXX_TRUE='#'
am__include='include'
am__isrc=''
am__leading_dot='.'
am__nodep='_no'
am__quote=''
am__tar='$${TAR-tar} chof - "$$tardir"'
am__untar='$${TAR-tar} xf -'
bindir='${exec_prefix}/bin'
build_alias=''
datadir='${datarootdir}'
datarootdir='${prefix}/share'
docdir='${datarootdir}/doc/${PACKAGE_TARNAME}'
dvidir='${docdir}'
exec_prefix='${prefix}'
host_alias=''
htmldir='${docdir}'
includedir='${prefix}/include'
infodir='${datarootdir}/info'
install_sh='${SHELL} '\''/Users/sanjay/Google Drive/bucknell/research/projects/FEM_shell/code/voom2/install-sh'\'''
libdir='${exec_prefix}/lib'
libexecdir='${exec_prefix}/libexec'
localedir='${datarootdir}/locale'
localstatedir='${prefix}/var'
mandir='${datarootdir}/man'
mkdir_p='$(MKDIR_P)'
oldincludedir='/usr/include'
pdfdir='${docdir}'
prefix='/usr/local'
program_transform_name='s,x,x,'
psdir='${docdir}'
runstatedir='${localstatedir}/run'
sbindir='${exec_prefix}/sbin'
sharedstatedir='${prefix}/com'
sysconfdir='${prefix}/etc'
target_alias=''

## ----------- ##
## confdefs.h. ##
## ----------- ##

/* confdefs.h */
#define PACKAGE_NAME "voom"
#define PACKAGE_TARNAME "voom"
#define PACKAGE_VERSION "1.0"
#define PACKAGE_STRING "voom 1.0"
#define PACKAGE_BUGREPORT "klug@ucla.edu"
#define PACKAGE_URL ""
#define PACKAGE "voom"
#define VERSION "1.0"

configure: exit 0
